<?xml version="1.0" encoding="UTF-8"?>
<testng-results ignored="0" total="8" passed="8" failed="0" skipped="0">
  <reporter-output>
  </reporter-output>
  <suite started-at="2022-07-12T11:16:40 IST" name="Default suite" finished-at="2022-07-12T11:18:18 IST" duration-ms="98033">
    <groups>
    </groups>
    <test started-at="2022-07-12T11:16:40 IST" name="Default test" finished-at="2022-07-12T11:18:18 IST" duration-ms="98033">
      <class name="test.BookMyShowTest">
        <test-method is-config="true" signature="init()[pri:0, instance:test.BookMyShowTest@2e4b8173]" started-at="2022-07-12T11:16:40 IST" name="init" finished-at="2022-07-12T11:16:51 IST" duration-ms="11567" status="PASS">
          <reporter-output>
          </reporter-output>
        </test-method> <!-- init -->
        <test-method signature="bookTickets()[pri:1, instance:test.BookMyShowTest@2e4b8173]" started-at="2022-07-12T11:16:51 IST" name="bookTickets" finished-at="2022-07-12T11:17:05 IST" duration-ms="13491" status="PASS">
          <reporter-output>
          </reporter-output>
        </test-method> <!-- bookTickets -->
        <test-method signature="movieDetails()[pri:0, instance:test.BookMyShowTest@2e4b8173]" started-at="2022-07-12T11:17:05 IST" name="movieDetails" finished-at="2022-07-12T11:17:07 IST" depends-on-methods="test.BookMyShowTest.bookTickets" duration-ms="2072" status="PASS">
          <reporter-output>
          </reporter-output>
        </test-method> <!-- movieDetails -->
        <test-method signature="seatSelection()[pri:0, instance:test.BookMyShowTest@2e4b8173]" started-at="2022-07-12T11:17:07 IST" name="seatSelection" finished-at="2022-07-12T11:17:07 IST" depends-on-methods="test.BookMyShowTest.movieDetails" duration-ms="580" status="PASS">
          <reporter-output>
          </reporter-output>
        </test-method> <!-- seatSelection -->
        <test-method signature="payment()[pri:0, instance:test.BookMyShowTest@2e4b8173]" started-at="2022-07-12T11:17:07 IST" name="payment" finished-at="2022-07-12T11:17:33 IST" depends-on-methods="test.BookMyShowTest.seatSelection" duration-ms="26067" status="PASS">
          <reporter-output>
          </reporter-output>
        </test-method> <!-- payment -->
        <test-method signature="loginOTP()[pri:0, instance:test.BookMyShowTest@2e4b8173]" started-at="2022-07-12T11:17:33 IST" name="loginOTP" finished-at="2022-07-12T11:17:50 IST" depends-on-methods="test.BookMyShowTest.payment" duration-ms="16470" status="PASS">
          <reporter-output>
          </reporter-output>
        </test-method> <!-- loginOTP -->
        <test-method signature="home_page_test()[pri:0, instance:test.BookMyShowTest@2e4b8173]" started-at="2022-07-12T11:17:50 IST" name="home_page_test" finished-at="2022-07-12T11:17:51 IST" depends-on-methods="test.BookMyShowTest.loginOTP" duration-ms="1475" status="PASS">
          <reporter-output>
          </reporter-output>
        </test-method> <!-- home_page_test -->
        <test-method signature="list_your_show_link_test()[pri:0, instance:test.BookMyShowTest@2e4b8173]" started-at="2022-07-12T11:17:51 IST" name="list_your_show_link_test" finished-at="2022-07-12T11:17:52 IST" depends-on-methods="test.BookMyShowTest.home_page_test" duration-ms="375" status="PASS">
          <reporter-output>
          </reporter-output>
        </test-method> <!-- list_your_show_link_test -->
        <test-method signature="form_fill_test()[pri:0, instance:test.BookMyShowTest@2e4b8173]" started-at="2022-07-12T11:17:52 IST" name="form_fill_test" finished-at="2022-07-12T11:18:18 IST" depends-on-methods="test.BookMyShowTest.list_your_show_link_test" duration-ms="25871" status="PASS">
          <reporter-output>
          </reporter-output>
        </test-method> <!-- form_fill_test -->
      </class> <!-- test.BookMyShowTest -->
    </test> <!-- Default test -->
  </suite> <!-- Default suite -->
</testng-results>
